<?xml version="1.0" encoding="UTF-8"?>
<testsuite name="com.frogger.FroggerControllerTest" tests="4" skipped="0" failures="0" errors="0" timestamp="2019-12-16T22:53:00" hostname="WPSBRUSSELS" time="0.002">
  <properties/>
  <testcase name="resetToStart()" classname="com.frogger.FroggerControllerTest" time="0.0"/>
  <testcase name="revive()" classname="com.frogger.FroggerControllerTest" time="0.0"/>
  <testcase name="blockMove()" classname="com.frogger.FroggerControllerTest" time="0.001"/>
  <testcase name="bonusPoints()" classname="com.frogger.FroggerControllerTest" time="0.0"/>
  <system-out><![CDATA[]]></system-out>
  <system-err><![CDATA[]]></system-err>
</testsuite>
