<?xml version="1.0" encoding="UTF-8"?>
<testsuite name="com.end.EndModelTest" tests="6" skipped="0" failures="0" errors="0" timestamp="2019-12-15T18:25:22" hostname="WPSARMENIA" time="0.004">
  <properties/>
  <testcase name="crocOccupied()" classname="com.end.EndModelTest" time="0.001"/>
  <testcase name="setStatus()" classname="com.end.EndModelTest" time="0.0"/>
  <testcase name="frogOccupied()" classname="com.end.EndModelTest" time="0.0"/>
  <testcase name="getStatus()" classname="com.end.EndModelTest" time="0.001"/>
  <testcase name="setToEmpty()" classname="com.end.EndModelTest" time="0.001"/>
  <testcase name="bugOccupied()" classname="com.end.EndModelTest" time="0.0"/>
  <system-out><![CDATA[]]></system-out>
  <system-err><![CDATA[]]></system-err>
</testsuite>
